[debug] [2020-04-08T16:41:56.999Z] ----------------------------------------------------------------------
[debug] [2020-04-08T16:41:57.001Z] Command:       C:\Program Files\nodejs\node.exe C:\Users\paul.felce\AppData\Roaming\npm\node_modules\firebase-tools\lib\bin\firebase.js serve
[debug] [2020-04-08T16:41:57.002Z] CLI Version:   8.0.1
[debug] [2020-04-08T16:41:57.002Z] Platform:      win32
[debug] [2020-04-08T16:41:57.002Z] Node Version:  v12.16.1
[debug] [2020-04-08T16:41:57.003Z] Time:          Wed Apr 08 2020 17:41:57 GMT+0100 (British Summer Time)
[debug] [2020-04-08T16:41:57.003Z] ----------------------------------------------------------------------
[debug] [2020-04-08T16:41:57.003Z] 
[debug] [2020-04-08T16:41:57.029Z] > command requires scopes: ["email","openid","https://www.googleapis.com/auth/cloudplatformprojects.readonly","https://www.googleapis.com/auth/firebase","https://www.googleapis.com/auth/cloud-platform"]
[debug] [2020-04-08T16:41:57.030Z] > authorizing via signed-in user
[debug] [2020-04-08T16:41:57.030Z] [iam] checking project myfirstfirestoreproject-103e9 for permissions ["firebase.projects.get"]
[debug] [2020-04-08T16:41:57.033Z] > refreshing access token with scopes: ["email","https://www.googleapis.com/auth/cloud-platform","https://www.googleapis.com/auth/cloudplatformprojects.readonly","https://www.googleapis.com/auth/firebase","openid"]
[debug] [2020-04-08T16:41:57.034Z] >>> HTTP REQUEST POST https://www.googleapis.com/oauth2/v3/token  
 <request body omitted>
[debug] [2020-04-08T16:41:57.359Z] <<< HTTP RESPONSE 200 {"content-type":"application/json; charset=utf-8","vary":"X-Origin, Referer, Origin,Accept-Encoding","date":"Wed, 08 Apr 2020 16:41:57 GMT","server":"scaffolding on HTTPServer2","cache-control":"private","x-xss-protection":"0","x-frame-options":"SAMEORIGIN","x-content-type-options":"nosniff","alt-svc":"quic=\":443\"; ma=2592000; v=\"46,43\",h3-Q050=\":443\"; ma=2592000,h3-Q049=\":443\"; ma=2592000,h3-Q048=\":443\"; ma=2592000,h3-Q046=\":443\"; ma=2592000,h3-Q043=\":443\"; ma=2592000,h3-T050=\":443\"; ma=2592000","accept-ranges":"none","transfer-encoding":"chunked"}
[debug] [2020-04-08T16:41:57.373Z] >>> HTTP REQUEST POST https://cloudresourcemanager.googleapis.com/v1/projects/myfirstfirestoreproject-103e9:testIamPermissions  
 {"permissions":["firebase.projects.get"]}
[debug] [2020-04-08T16:41:58.498Z] <<< HTTP RESPONSE 200 {"content-type":"application/json; charset=UTF-8","vary":"X-Origin, Referer, Origin,Accept-Encoding","date":"Wed, 08 Apr 2020 16:41:58 GMT","server":"ESF","cache-control":"private","x-xss-protection":"0","x-frame-options":"SAMEORIGIN","x-content-type-options":"nosniff","server-timing":"gfet4t7; dur=855","alt-svc":"quic=\":443\"; ma=2592000; v=\"46,43\",h3-Q050=\":443\"; ma=2592000,h3-Q049=\":443\"; ma=2592000,h3-Q048=\":443\"; ma=2592000,h3-Q046=\":443\"; ma=2592000,h3-Q043=\":443\"; ma=2592000,h3-T050=\":443\"; ma=2592000","accept-ranges":"none","transfer-encoding":"chunked"}
[debug] [2020-04-08T16:41:58.498Z] >>> HTTP REQUEST GET https://firebase.googleapis.com/v1beta1/projects/myfirstfirestoreproject-103e9  
 
[debug] [2020-04-08T16:41:58.984Z] <<< HTTP RESPONSE 200 {"content-type":"application/json; charset=UTF-8","vary":"X-Origin, Referer, Origin,Accept-Encoding","date":"Wed, 08 Apr 2020 16:41:58 GMT","server":"ESF","cache-control":"private","x-xss-protection":"0","x-frame-options":"SAMEORIGIN","x-content-type-options":"nosniff","alt-svc":"quic=\":443\"; ma=2592000; v=\"46,43\",h3-Q050=\":443\"; ma=2592000,h3-Q049=\":443\"; ma=2592000,h3-Q048=\":443\"; ma=2592000,h3-Q046=\":443\"; ma=2592000,h3-Q043=\":443\"; ma=2592000,h3-T050=\":443\"; ma=2592000","accept-ranges":"none","transfer-encoding":"chunked"}
[info] 
[info] === Serving from 'C:\nodejs\InvoicesV1'...
[info] 
[debug] [2020-04-08T16:41:58.987Z] >>> HTTP REQUEST GET https://firebase.googleapis.com/v1beta1/projects/myfirstfirestoreproject-103e9/webApps/-/config  
 
[debug] [2020-04-08T16:41:59.909Z] <<< HTTP RESPONSE 200 {"content-type":"application/json; charset=UTF-8","vary":"X-Origin, Referer, Origin,Accept-Encoding","date":"Wed, 08 Apr 2020 16:41:59 GMT","server":"ESF","cache-control":"private","x-xss-protection":"0","x-frame-options":"SAMEORIGIN","x-content-type-options":"nosniff","alt-svc":"quic=\":443\"; ma=2592000; v=\"46,43\",h3-Q050=\":443\"; ma=2592000,h3-Q049=\":443\"; ma=2592000,h3-Q048=\":443\"; ma=2592000,h3-Q046=\":443\"; ma=2592000,h3-Q043=\":443\"; ma=2592000,h3-T050=\":443\"; ma=2592000","accept-ranges":"none","transfer-encoding":"chunked"}
[info] i  hosting: Serving hosting files from: ./
[info] +  hosting: Local server: http://localhost:5000
